<?xml version="1.0" encoding="UTF-8"?>
<TestRun id="bf3e424a-7c5c-457e-a441-6429282c7966" name="Charles@CHARLES-PC 2013-03-18 21:47:26" runUser="CHARLES-PC\Charles" xmlns="http://microsoft.com/schemas/VisualStudio/TeamTest/2010">
  <TestSettings name="Local" id="351c7e20-4e37-4174-9215-97a49a9038e8">
    <Description>These are default test settings for a local test run.</Description>
    <Deployment userDeploymentRoot="c:\users\charles\documents\visual studio 2010\Projects\x_ian\TestResults" useDefaultDeploymentRoot="false" enabled="false" runDeploymentRoot="Charles_CHARLES-PC 2013-03-18 21_47_26">
      <DeploymentItem filename="c:\users\charles\documents\visual studio 2010\Projects\x_ian\x_ian\bin\Debug\x_ian.exe" />
    </Deployment>
    <Execution>
      <TestTypeSpecific />
      <AgentRule name="Execution Agents">
      </AgentRule>
    </Execution>
  </TestSettings>
  <Times creation="2013-03-18T21:47:26.1171227-07:00" queuing="2013-03-18T21:47:26.7792070-07:00" start="2013-03-18T21:47:26.8642175-07:00" finish="2013-03-18T21:47:49.8601345-07:00" />
  <ResultSummary outcome="Failed">
    <Counters total="1" executed="1" error="0" failed="1" timeout="0" aborted="0" inconclusive="0" passedButRunAborted="0" notRunnable="0" notExecuted="0" disconnected="0" warning="0" passed="0" completed="0" inProgress="0" pending="0" />
  </ResultSummary>
  <TestDefinitions>
    <UnitTest name="x_ianTest" storage="c:\users\charles\documents\visual studio 2010\projects\x_ian\testproject1\bin\debug\testproject1.dll" id="9ae683a9-fb12-fd6e-7e02-76da0bc2da8d">
      <Execution id="71c3742c-c435-49e7-a09b-c8aff41ec69b" />
      <TestMethod codeBase="c:/users/charles/documents/visual studio 2010/Projects/x_ian/TestProject1/bin/Debug/TestProject1.DLL" adapterTypeName="Microsoft.VisualStudio.TestTools.TestTypes.Unit.UnitTestAdapter, Microsoft.VisualStudio.QualityTools.Tips.UnitTest.Adapter, Version=10.0.0.0, Culture=neutral, PublicKeyToken=b03f5f7f11d50a3a" className="TestProject1.ProgramTest, TestProject1, Version=1.0.0.0, Culture=neutral, PublicKeyToken=null" name="x_ianTest" />
    </UnitTest>
  </TestDefinitions>
  <TestLists>
    <TestList name="Results Not in a List" id="8c84fa94-04c1-424b-9868-57a2d4851a1d" />
    <TestList name="All Loaded Results" id="19431567-8539-422a-85d7-44ee4e166bda" />
  </TestLists>
  <TestEntries>
    <TestEntry testId="9ae683a9-fb12-fd6e-7e02-76da0bc2da8d" executionId="71c3742c-c435-49e7-a09b-c8aff41ec69b" testListId="8c84fa94-04c1-424b-9868-57a2d4851a1d" />
  </TestEntries>
  <Results>
    <UnitTestResult executionId="71c3742c-c435-49e7-a09b-c8aff41ec69b" testId="9ae683a9-fb12-fd6e-7e02-76da0bc2da8d" testName="x_ianTest" computerName="CHARLES-PC" duration="00:00:22.4514050" startTime="2013-03-18T21:47:26.9452275-07:00" endTime="2013-03-18T21:47:49.8221348-07:00" testType="13cdc9d9-ddb5-4fa4-a97d-d965ccfc6d4b" outcome="Failed" testListId="8c84fa94-04c1-424b-9868-57a2d4851a1d" relativeResultsDirectory="71c3742c-c435-49e7-a09b-c8aff41ec69b">
      <Output>
        <ErrorInfo>
          <Message>Assert.AreEqual failed. Expected:&lt;True&gt;. Actual:&lt;False&gt;. </Message>
          <StackTrace>   at TestProject1.ProgramTest.x_ianTest() in c:\users\charles\documents\visual studio 2010\Projects\x_ian\TestProject1\ProgramTest.cs:line 127
</StackTrace>
        </ErrorInfo>
      </Output>
    </UnitTestResult>
  </Results>
</TestRun>